[2021-10-28T12:36:25.380] [ERROR] error - error en el servidor: Error: bind EADDRINUSE null:8081
    at listenOnMasterHandle (node:net:1377:18)
    at shared (node:internal/cluster/child:145:3)
    at Worker.<anonymous> (node:internal/cluster/child:104:7)
    at process.onInternalMessage (node:internal/cluster/utils:48:5)
    at process.emit (node:events:390:22)
    at emit (node:internal/child_process:920:12)
    at processTicksAndRejections (node:internal/process/task_queues:82:21) {
  errno: -4091,
  code: 'EADDRINUSE',
  syscall: 'bind',
  address: null,
  port: 8081
}
[2021-10-28T12:36:25.833] [ERROR] error - error en el servidor: Error: bind EADDRINUSE null:8081
    at listenOnMasterHandle (node:net:1377:18)
    at shared (node:internal/cluster/child:145:3)
    at Worker.<anonymous> (node:internal/cluster/child:104:7)
    at process.onInternalMessage (node:internal/cluster/utils:48:5)
    at process.emit (node:events:390:22)
    at emit (node:internal/child_process:920:12)
    at processTicksAndRejections (node:internal/process/task_queues:82:21) {
  errno: -4091,
  code: 'EADDRINUSE',
  syscall: 'bind',
  address: null,
  port: 8081
}
